Determining if the Q_WS_WIN exist failed with the following output:
Change Dir: /home/visionpc/roboteamtwente/grSim/cmake-build-debug/CMakeFiles/CMakeTmp

Run Build Command:"/usr/bin/make" "cmTC_ef38c/fast"
/usr/bin/make -f CMakeFiles/cmTC_ef38c.dir/build.make CMakeFiles/cmTC_ef38c.dir/build
make[1]: Entering directory '/home/visionpc/roboteamtwente/grSim/cmake-build-debug/CMakeFiles/CMakeTmp'
Building CXX object CMakeFiles/cmTC_ef38c.dir/CheckSymbolExists.cxx.o
/usr/bin/c++   -I/usr/include/qt4  -std=c++03    -o CMakeFiles/cmTC_ef38c.dir/CheckSymbolExists.cxx.o -c /home/visionpc/roboteamtwente/grSim/cmake-build-debug/CMakeFiles/CMakeTmp/CheckSymbolExists.cxx
/home/visionpc/roboteamtwente/grSim/cmake-build-debug/CMakeFiles/CMakeTmp/CheckSymbolExists.cxx: In function ‘int main(int, char**)’:
/home/visionpc/roboteamtwente/grSim/cmake-build-debug/CMakeFiles/CMakeTmp/CheckSymbolExists.cxx:8:19: error: ‘Q_WS_WIN’ was not declared in this scope
   return ((int*)(&Q_WS_WIN))[argc];
                   ^
CMakeFiles/cmTC_ef38c.dir/build.make:65: recipe for target 'CMakeFiles/cmTC_ef38c.dir/CheckSymbolExists.cxx.o' failed
make[1]: *** [CMakeFiles/cmTC_ef38c.dir/CheckSymbolExists.cxx.o] Error 1
make[1]: Leaving directory '/home/visionpc/roboteamtwente/grSim/cmake-build-debug/CMakeFiles/CMakeTmp'
Makefile:126: recipe for target 'cmTC_ef38c/fast' failed
make: *** [cmTC_ef38c/fast] Error 2

File /home/visionpc/roboteamtwente/grSim/cmake-build-debug/CMakeFiles/CMakeTmp/CheckSymbolExists.cxx:
/* */
#include <QtCore/qglobal.h>

int main(int argc, char** argv)
{
  (void)argv;
#ifndef Q_WS_WIN
  return ((int*)(&Q_WS_WIN))[argc];
#else
  (void)argc;
  return 0;
#endif
}

Determining if the Q_WS_QWS exist failed with the following output:
Change Dir: /home/visionpc/roboteamtwente/grSim/cmake-build-debug/CMakeFiles/CMakeTmp

Run Build Command:"/usr/bin/make" "cmTC_bac5f/fast"
/usr/bin/make -f CMakeFiles/cmTC_bac5f.dir/build.make CMakeFiles/cmTC_bac5f.dir/build
make[1]: Entering directory '/home/visionpc/roboteamtwente/grSim/cmake-build-debug/CMakeFiles/CMakeTmp'
Building CXX object CMakeFiles/cmTC_bac5f.dir/CheckSymbolExists.cxx.o
/usr/bin/c++   -I/usr/include/qt4  -std=c++03    -o CMakeFiles/cmTC_bac5f.dir/CheckSymbolExists.cxx.o -c /home/visionpc/roboteamtwente/grSim/cmake-build-debug/CMakeFiles/CMakeTmp/CheckSymbolExists.cxx
/home/visionpc/roboteamtwente/grSim/cmake-build-debug/CMakeFiles/CMakeTmp/CheckSymbolExists.cxx: In function ‘int main(int, char**)’:
/home/visionpc/roboteamtwente/grSim/cmake-build-debug/CMakeFiles/CMakeTmp/CheckSymbolExists.cxx:8:19: error: ‘Q_WS_QWS’ was not declared in this scope
   return ((int*)(&Q_WS_QWS))[argc];
                   ^
CMakeFiles/cmTC_bac5f.dir/build.make:65: recipe for target 'CMakeFiles/cmTC_bac5f.dir/CheckSymbolExists.cxx.o' failed
make[1]: *** [CMakeFiles/cmTC_bac5f.dir/CheckSymbolExists.cxx.o] Error 1
make[1]: Leaving directory '/home/visionpc/roboteamtwente/grSim/cmake-build-debug/CMakeFiles/CMakeTmp'
Makefile:126: recipe for target 'cmTC_bac5f/fast' failed
make: *** [cmTC_bac5f/fast] Error 2

File /home/visionpc/roboteamtwente/grSim/cmake-build-debug/CMakeFiles/CMakeTmp/CheckSymbolExists.cxx:
/* */
#include <QtCore/qglobal.h>

int main(int argc, char** argv)
{
  (void)argv;
#ifndef Q_WS_QWS
  return ((int*)(&Q_WS_QWS))[argc];
#else
  (void)argc;
  return 0;
#endif
}

Determining if the Q_WS_MAC exist failed with the following output:
Change Dir: /home/visionpc/roboteamtwente/grSim/cmake-build-debug/CMakeFiles/CMakeTmp

Run Build Command:"/usr/bin/make" "cmTC_303fc/fast"
/usr/bin/make -f CMakeFiles/cmTC_303fc.dir/build.make CMakeFiles/cmTC_303fc.dir/build
make[1]: Entering directory '/home/visionpc/roboteamtwente/grSim/cmake-build-debug/CMakeFiles/CMakeTmp'
Building CXX object CMakeFiles/cmTC_303fc.dir/CheckSymbolExists.cxx.o
/usr/bin/c++   -I/usr/include/qt4  -std=c++03    -o CMakeFiles/cmTC_303fc.dir/CheckSymbolExists.cxx.o -c /home/visionpc/roboteamtwente/grSim/cmake-build-debug/CMakeFiles/CMakeTmp/CheckSymbolExists.cxx
/home/visionpc/roboteamtwente/grSim/cmake-build-debug/CMakeFiles/CMakeTmp/CheckSymbolExists.cxx: In function ‘int main(int, char**)’:
/home/visionpc/roboteamtwente/grSim/cmake-build-debug/CMakeFiles/CMakeTmp/CheckSymbolExists.cxx:8:19: error: ‘Q_WS_MAC’ was not declared in this scope
   return ((int*)(&Q_WS_MAC))[argc];
                   ^
CMakeFiles/cmTC_303fc.dir/build.make:65: recipe for target 'CMakeFiles/cmTC_303fc.dir/CheckSymbolExists.cxx.o' failed
make[1]: *** [CMakeFiles/cmTC_303fc.dir/CheckSymbolExists.cxx.o] Error 1
make[1]: Leaving directory '/home/visionpc/roboteamtwente/grSim/cmake-build-debug/CMakeFiles/CMakeTmp'
Makefile:126: recipe for target 'cmTC_303fc/fast' failed
make: *** [cmTC_303fc/fast] Error 2

File /home/visionpc/roboteamtwente/grSim/cmake-build-debug/CMakeFiles/CMakeTmp/CheckSymbolExists.cxx:
/* */
#include <QtCore/qglobal.h>

int main(int argc, char** argv)
{
  (void)argv;
#ifndef Q_WS_MAC
  return ((int*)(&Q_WS_MAC))[argc];
#else
  (void)argc;
  return 0;
#endif
}

Determining if the pthread_create exist failed with the following output:
Change Dir: /home/visionpc/roboteamtwente/grSim/cmake-build-debug/CMakeFiles/CMakeTmp

Run Build Command:"/usr/bin/make" "cmTC_7b953/fast"
/usr/bin/make -f CMakeFiles/cmTC_7b953.dir/build.make CMakeFiles/cmTC_7b953.dir/build
make[1]: Entering directory '/home/visionpc/roboteamtwente/grSim/cmake-build-debug/CMakeFiles/CMakeTmp'
Building C object CMakeFiles/cmTC_7b953.dir/CheckSymbolExists.c.o
/usr/bin/cc    -o CMakeFiles/cmTC_7b953.dir/CheckSymbolExists.c.o   -c /home/visionpc/roboteamtwente/grSim/cmake-build-debug/CMakeFiles/CMakeTmp/CheckSymbolExists.c
Linking C executable cmTC_7b953
/home/visionpc/.local/share/JetBrains/Toolbox/apps/CLion/ch-0/173.4674.29/bin/cmake/bin/cmake -E cmake_link_script CMakeFiles/cmTC_7b953.dir/link.txt --verbose=1
/usr/bin/cc      -rdynamic CMakeFiles/cmTC_7b953.dir/CheckSymbolExists.c.o  -o cmTC_7b953 
CMakeFiles/cmTC_7b953.dir/CheckSymbolExists.c.o: In function `main':
CheckSymbolExists.c:(.text+0x16): undefined reference to `pthread_create'
collect2: error: ld returned 1 exit status
CMakeFiles/cmTC_7b953.dir/build.make:97: recipe for target 'cmTC_7b953' failed
make[1]: *** [cmTC_7b953] Error 1
make[1]: Leaving directory '/home/visionpc/roboteamtwente/grSim/cmake-build-debug/CMakeFiles/CMakeTmp'
Makefile:126: recipe for target 'cmTC_7b953/fast' failed
make: *** [cmTC_7b953/fast] Error 2

File /home/visionpc/roboteamtwente/grSim/cmake-build-debug/CMakeFiles/CMakeTmp/CheckSymbolExists.c:
/* */
#include <pthread.h>

int main(int argc, char** argv)
{
  (void)argv;
#ifndef pthread_create
  return ((int*)(&pthread_create))[argc];
#else
  (void)argc;
  return 0;
#endif
}

Determining if the function pthread_create exists in the pthreads failed with the following output:
Change Dir: /home/visionpc/roboteamtwente/grSim/cmake-build-debug/CMakeFiles/CMakeTmp

Run Build Command:"/usr/bin/make" "cmTC_90daf/fast"
/usr/bin/make -f CMakeFiles/cmTC_90daf.dir/build.make CMakeFiles/cmTC_90daf.dir/build
make[1]: Entering directory '/home/visionpc/roboteamtwente/grSim/cmake-build-debug/CMakeFiles/CMakeTmp'
Building C object CMakeFiles/cmTC_90daf.dir/CheckFunctionExists.c.o
/usr/bin/cc   -DCHECK_FUNCTION_EXISTS=pthread_create   -o CMakeFiles/cmTC_90daf.dir/CheckFunctionExists.c.o   -c /home/visionpc/.local/share/JetBrains/Toolbox/apps/CLion/ch-0/173.4674.29/bin/cmake/share/cmake-3.9/Modules/CheckFunctionExists.c
Linking C executable cmTC_90daf
/home/visionpc/.local/share/JetBrains/Toolbox/apps/CLion/ch-0/173.4674.29/bin/cmake/bin/cmake -E cmake_link_script CMakeFiles/cmTC_90daf.dir/link.txt --verbose=1
/usr/bin/cc  -DCHECK_FUNCTION_EXISTS=pthread_create    -rdynamic CMakeFiles/cmTC_90daf.dir/CheckFunctionExists.c.o  -o cmTC_90daf -lpthreads 
/usr/bin/ld: cannot find -lpthreads
collect2: error: ld returned 1 exit status
CMakeFiles/cmTC_90daf.dir/build.make:97: recipe for target 'cmTC_90daf' failed
make[1]: *** [cmTC_90daf] Error 1
make[1]: Leaving directory '/home/visionpc/roboteamtwente/grSim/cmake-build-debug/CMakeFiles/CMakeTmp'
Makefile:126: recipe for target 'cmTC_90daf/fast' failed
make: *** [cmTC_90daf/fast] Error 2


